c:\users\letrantr\documents\visual studio 2015\projects\opencv_facerecognition\opencv_facerecognition\x64\debug\vc140.pdb
c:\users\letrantr\documents\visual studio 2015\projects\opencv_facerecognition\opencv_facerecognition\x64\debug\mainform.obj
c:\users\letrantr\documents\visual studio 2015\projects\opencv_facerecognition\opencv_facerecognition\x64\debug\jackylib.obj
c:\users\letrantr\documents\visual studio 2015\projects\opencv_facerecognition\opencv_facerecognition\x64\debug\.netframework,version=v4.5.assemblyattributes.obj
c:\users\letrantr\documents\visual studio 2015\projects\opencv_facerecognition\opencv_facerecognition\x64\debug\.netframework,version=v4.5.assemblyattributes.asm
c:\users\letrantr\documents\visual studio 2015\projects\opencv_facerecognition\x64\debug\opencv_facerecognition.exe
c:\users\letrantr\documents\visual studio 2015\projects\opencv_facerecognition\x64\debug\opencv_facerecognition.pdb
c:\users\letrantr\documents\visual studio 2015\projects\opencv_facerecognition\opencv_facerecognition\x64\debug\opencv_facerecognition.mainform.resources
c:\users\letrantr\documents\visual studio 2015\projects\opencv_facerecognition\opencv_facerecognition\x64\debug\opencv_facerecognition.vcxproj.generateresource.cache
c:\users\letrantr\documents\visual studio 2015\projects\opencv_facerecognition\opencv_facerecognition\x64\debug\opencv_facerecognition.vcxprojresolveassemblyreference.cache
c:\users\letrantr\documents\visual studio 2015\projects\opencv_facerecognition\opencv_facerecognition\x64\debug\opencv_f.4645a84d.tlog\cl.command.1.tlog
c:\users\letrantr\documents\visual studio 2015\projects\opencv_facerecognition\opencv_facerecognition\x64\debug\opencv_f.4645a84d.tlog\cl.read.1.tlog
c:\users\letrantr\documents\visual studio 2015\projects\opencv_facerecognition\opencv_facerecognition\x64\debug\opencv_f.4645a84d.tlog\cl.write.1.tlog
c:\users\letrantr\documents\visual studio 2015\projects\opencv_facerecognition\opencv_facerecognition\x64\debug\opencv_f.4645a84d.tlog\link.command.1.tlog
c:\users\letrantr\documents\visual studio 2015\projects\opencv_facerecognition\opencv_facerecognition\x64\debug\opencv_f.4645a84d.tlog\link.read.1.tlog
c:\users\letrantr\documents\visual studio 2015\projects\opencv_facerecognition\opencv_facerecognition\x64\debug\opencv_f.4645a84d.tlog\link.write.1.tlog
c:\users\letrantr\documents\visual studio 2015\projects\opencv_facerecognition\opencv_facerecognition\x64\debug\opencv_f.4645a84d.tlog\metagen.read.1.tlog
c:\users\letrantr\documents\visual studio 2015\projects\opencv_facerecognition\opencv_facerecognition\x64\debug\opencv_f.4645a84d.tlog\metagen.write.1.tlog
c:\users\letrantr\documents\visual studio 2015\projects\opencv_facerecognition\opencv_facerecognition\x64\debug\opencv_f.4645a84d.tlog\opencv_facerecognition.write.1u.tlog
c:\users\letrantr\documents\visual studio 2015\projects\opencv_facerecognition\opencv_facerecognition\x64\debug\opencv_f.4645a84d.tlog\tzres.dll.bi
